 
****************************************
Report : area
Design : JAM
Version: P-2019.03-SP1-1
Date   : Fri Mar  8 23:43:59 2024
****************************************

Library(s) Used:

    slow (File: /usr/cad/CBDK/CBDK_IC_Contest_v2.5/SynopsysDC/db/slow.db)

Number of ports:                          322
Number of nets:                          1071
Number of cells:                          821
Number of combinational cells:            738
Number of sequential cells:                57
Number of macros/black boxes:               0
Number of buf/inv:                        185
Number of references:                     140

Combinational area:               7767.302373
Buf/Inv area:                     1254.378601
Noncombinational area:            2004.629379
Macro/Black Box area:                0.000000
Net Interconnect area:           98373.825928

Total cell area:                  9771.931752
Total area:                     108145.757680
1
