 
****************************************
Report : area
Design : LCD_CTRL
Version: O-2018.06
Date   : Thu Feb 16 11:06:49 2023
****************************************

Library(s) Used:

    slow (File: /usr/cad/CBDK/CBDK_IC_Contest_v2.1/SynopsysDC/db/slow.db)

Number of ports:                          135
Number of nets:                          6486
Number of cells:                         5831
Number of combinational cells:           5284
Number of sequential cells:               544
Number of macros/black boxes:               0
Number of buf/inv:                        956
Number of references:                     145

Combinational area:              57821.930645
Buf/Inv area:                     7490.626156
Noncombinational area:           17651.262039
Macro/Black Box area:                0.000000
Net Interconnect area:          993538.305542

Total cell area:                 75473.192685
Total area:                    1069011.498227
1
