 
****************************************
Report : timing
        -path full
        -delay max
        -max_paths 1
Design : SME
Version: P-2019.03-SP1-1
Date   : Sat Mar 23 01:20:57 2024
****************************************

Operating Conditions: slow   Library: slow
Wire Load Model Mode: top

  Startpoint: chardata[1]
              (input port clocked by clk)
  Endpoint: PATTERN_reg[1][5]
            (rising edge-triggered flip-flop clocked by clk)
  Path Group: clk
  Path Type: max

  Des/Clust/Port     Wire Load Model       Library
  ------------------------------------------------
  SME                tsmc13_wl10           slow

  Point                                    Incr       Path
  -----------------------------------------------------------
  clock clk (fall edge)                   10.00      10.00
  clock network delay (ideal)              0.50      10.50
  input external delay                     0.00      10.50 r
  chardata[1] (in)                         0.00      10.50 r
  U7652/Y (CLKINVX1)                       0.16      10.67 f
  U7584/Y (AOI211X1)                       0.37      11.04 r
  U7583/Y (NAND4X1)                        0.74      11.78 f
  U7561/Y (NOR2BX1)                        0.74      12.52 f
  U6605/Y (CLKBUFX3)                       0.82      13.34 f
  U6422/Y (CLKBUFX3)                       0.76      14.10 f
  U6468/Y (OAI2BB2XL)                      0.55      14.65 r
  U6469/Y (CLKINVX1)                       0.66      15.31 f
  U6423/Y (CLKBUFX3)                       0.79      16.09 f
  U6365/Y (CLKBUFX3)                       0.76      16.85 f
  U5605/Y (MXI2XL)                         0.53      17.38 r
  PATTERN_reg[1][5]/D (DFFRX1)             0.00      17.38 r
  data arrival time                                  17.38

  clock clk (rise edge)                   20.00      20.00
  clock network delay (ideal)              0.50      20.50
  clock uncertainty                       -0.10      20.40
  PATTERN_reg[1][5]/CK (DFFRX1)            0.00      20.40 r
  library setup time                      -0.31      20.09
  data required time                                 20.09
  -----------------------------------------------------------
  data required time                                 20.09
  data arrival time                                 -17.38
  -----------------------------------------------------------
  slack (MET)                                         2.71


1
