 
****************************************
Report : area
Design : LASER
Version: P-2019.03-SP1-1
Date   : Tue Mar 26 23:23:59 2024
****************************************

Library(s) Used:

    slow (File: /usr/cad/CBDK/CBDK_IC_Contest_v2.5/SynopsysDC/db/slow.db)

Number of ports:                           27
Number of nets:                          1975
Number of cells:                         1807
Number of combinational cells:           1417
Number of sequential cells:               390
Number of macros/black boxes:               0
Number of buf/inv:                        288
Number of references:                     158

Combinational area:              15714.529126
Buf/Inv area:                     1911.272377
Noncombinational area:           12711.828182
Macro/Black Box area:                0.000000
Net Interconnect area:          241361.229401

Total cell area:                 28426.357308
Total area:                     269787.586709
1
