 
****************************************
Report : area
Design : DT
Version: O-2018.06
Date   : Sun Feb 19 23:18:24 2023
****************************************

Library(s) Used:

    slow (File: /usr/cad/CBDK/CBDK_IC_Contest_v2.1/SynopsysDC/db/slow.db)

Number of ports:                           62
Number of nets:                           456
Number of cells:                          395
Number of combinational cells:            355
Number of sequential cells:                40
Number of macros/black boxes:               0
Number of buf/inv:                         64
Number of references:                      65

Combinational area:               2617.390786
Buf/Inv area:                      249.517795
Noncombinational area:            1385.078384
Macro/Black Box area:                0.000000
Net Interconnect area:           47320.235840

Total cell area:                  4002.469171
Total area:                      51322.705011
1
