 
****************************************
Report : area
Design : ISE
Version: P-2019.03-SP1-1
Date   : Tue Mar 26 19:12:50 2024
****************************************

Library(s) Used:

    slow (File: /usr/cad/CBDK/CBDK_IC_Contest_v2.5/SynopsysDC/db/slow.db)

Number of ports:                         3722
Number of nets:                         19363
Number of cells:                        15074
Number of combinational cells:          13400
Number of sequential cells:              1598
Number of macros/black boxes:               0
Number of buf/inv:                       2281
Number of references:                     255

Combinational area:             149613.927297
Buf/Inv area:                    18552.581916
Noncombinational area:           52127.153244
Macro/Black Box area:                0.000000
Net Interconnect area:         1990670.023071

Total cell area:                201741.080541
Total area:                    2192411.103612
1
