 
****************************************
Report : timing
        -path full
        -delay max
        -max_paths 1
Design : ISE
Version: P-2019.03-SP1-1
Date   : Tue Mar 26 19:12:50 2024
****************************************

 # A fanout number of 1000 was used for high fanout net computations.

Operating Conditions: slow   Library: slow
Wire Load Model Mode: top

  Startpoint: num_R_reg[3]
              (rising edge-triggered flip-flop clocked by clk)
  Endpoint: sortArr_G_reg[3][1]
            (rising edge-triggered flip-flop clocked by clk)
  Path Group: clk
  Path Type: max

  Des/Clust/Port     Wire Load Model       Library
  ------------------------------------------------
  ISE                tsmc13_wl10           slow

  Point                                                   Incr       Path
  --------------------------------------------------------------------------
  clock clk (rise edge)                                   0.00       0.00
  clock network delay (ideal)                             0.50       0.50
  num_R_reg[3]/CK (DFFRX4)                                0.00 #     0.50 r
  num_R_reg[3]/Q (DFFRX4)                                 0.49       0.99 f
  U7790/Y (AO22X2)                                        0.32       1.31 f
  U7789/Y (AOI2BB1X4)                                     0.12       1.43 r
  U7855/Y (AOI2BB1X4)                                     0.16       1.59 r
  U8192/Y (AOI2BB1X4)                                     0.22       1.81 r
  U7622/Y (OAI32X2)                                       0.15       1.96 f
  U7621/Y (NAND2BX4)                                      0.20       2.16 f
  U6612/Y (INVX12)                                        0.09       2.25 r
  U7358/Y (INVX20)                                        0.08       2.34 f
  U6944/Y (OR2X8)                                         0.16       2.50 f
  U6887/Y (AND3X8)                                        0.18       2.68 f
  U6807/Y (BUFX20)                                        0.17       2.86 f
  div_69/u_div/u_add_B3/A[4] (ISE_DW01_add_134)           0.00       2.86 f
  div_69/u_div/u_add_B3/U150/Y (NAND2X2)                  0.18       3.03 r
  div_69/u_div/u_add_B3/U120/Y (OAI21X4)                  0.16       3.19 f
  div_69/u_div/u_add_B3/U203/Y (AO21X2)                   0.35       3.54 f
  div_69/u_div/u_add_B3/U181/Y (AOI21X4)                  0.17       3.71 r
  div_69/u_div/u_add_B3/U253/Y (XOR2X4)                   0.17       3.88 f
  div_69/u_div/u_add_B3/SUM[7] (ISE_DW01_add_134)         0.00       3.88 f
  U6570/Y (INVX12)                                        0.10       3.97 r
  U6232/Y (CLKINVX12)                                     0.14       4.11 f
  div_69/u_div/u_add_PartRem_7_3/B[7] (ISE_DW01_add_189)
                                                          0.00       4.11 f
  div_69/u_div/u_add_PartRem_7_3/U54/Y (NAND2X8)          0.10       4.21 r
  div_69/u_div/u_add_PartRem_7_3/U46/Y (NOR2X6)           0.06       4.28 f
  div_69/u_div/u_add_PartRem_7_3/U40/Y (NAND2X4)          0.08       4.36 r
  div_69/u_div/u_add_PartRem_7_3/U38/Y (NOR2X6)           0.07       4.42 f
  div_69/u_div/u_add_PartRem_7_3/CO (ISE_DW01_add_189)
                                                          0.00       4.42 f
  U7613/Y (OAI33X2)                                       0.28       4.71 r
  U6063/Y (OR2X8)                                         0.25       4.96 r
  U6181/Y (INVX8)                                         0.06       5.02 f
  U7861/Y (AND2X8)                                        0.17       5.19 f
  U14341/Y (AO22X4)                                       0.21       5.40 f
  U7978/Y (OR2X8)                                         0.18       5.59 f
  U7926/Y (MXI2X8)                                        0.15       5.73 r
  U14307/Y (INVX20)                                       0.14       5.87 f
  div_69/u_div/u_add_PartRem_6_6/A[4] (ISE_DW01_add_88)
                                                          0.00       5.87 f
  div_69/u_div/u_add_PartRem_6_6/U33/Y (NOR2X8)           0.13       6.00 r
  div_69/u_div/u_add_PartRem_6_6/U61/Y (NOR2X6)           0.07       6.07 f
  div_69/u_div/u_add_PartRem_6_6/U22/Y (AOI21X4)          0.16       6.24 r
  div_69/u_div/u_add_PartRem_6_6/U62/Y (NOR2X8)           0.11       6.35 f
  div_69/u_div/u_add_PartRem_6_6/CO (ISE_DW01_add_88)     0.00       6.35 f
  U5904/Y (INVX16)                                        0.07       6.42 r
  U8035/Y (AOI33X2)                                       0.19       6.61 f
  U7995/Y (AND2X8)                                        0.23       6.85 f
  U6956/Y (INVX16)                                        0.09       6.94 r
  U6439/Y (INVX8)                                         0.04       6.98 f
  U14318/Y (OAI33X4)                                      0.56       7.54 r
  U6064/Y (INVX20)                                        0.13       7.67 f
  div_69/u_div/u_add_PartRem_5_2/A[6] (ISE_DW01_add_243)
                                                          0.00       7.67 f
  div_69/u_div/u_add_PartRem_5_2/U71/Y (OR2X6)            0.20       7.88 f
  div_69/u_div/u_add_PartRem_5_2/U103/Y (NAND2XL)         0.23       8.11 r
  div_69/u_div/u_add_PartRem_5_2/U116/Y (XOR2XL)          0.40       8.50 f
  div_69/u_div/u_add_PartRem_5_2/SUM[6] (ISE_DW01_add_243)
                                                          0.00       8.50 f
  U6091/Y (AO22X2)                                        0.36       8.87 f
  U14314/Y (OAI33X4)                                      0.50       9.37 r
  U6594/Y (INVX16)                                        0.14       9.50 f
  div_69/u_div/u_add_PartRem_4_2/A[9] (ISE_DW01_add_159)
                                                          0.00       9.50 f
  div_69/u_div/u_add_PartRem_4_2/U139/Y (NAND2X2)         0.16       9.66 r
  div_69/u_div/u_add_PartRem_4_2/U128/Y (OAI21X2)         0.15       9.81 f
  div_69/u_div/u_add_PartRem_4_2/U127/Y (AOI21X4)         0.14       9.96 r
  div_69/u_div/u_add_PartRem_4_2/U31/Y (OAI21X4)          0.11      10.07 f
  div_69/u_div/u_add_PartRem_4_2/U165/Y (OAI2BB1X4)       0.19      10.26 f
  div_69/u_div/u_add_PartRem_4_2/CO (ISE_DW01_add_159)
                                                          0.00      10.26 f
  U7048/Y (INVX12)                                        0.10      10.36 r
  U6950/Y (INVX12)                                        0.06      10.42 f
  U6593/Y (NAND2X8)                                       0.09      10.51 r
  U6598/Y (INVX16)                                        0.09      10.60 f
  U6526/Y (CLKAND2X12)                                    0.12      10.72 f
  U6173/Y (OR2X6)                                         0.17      10.89 f
  U7988/Y (AOI2BB1X4)                                     0.19      11.09 f
  U14353/Y (NAND3BX4)                                     0.18      11.27 f
  U6433/Y (BUFX20)                                        0.20      11.46 f
  div_69/u_div/u_add_PartRem_3_4/A[4] (ISE_DW01_add_143)
                                                          0.00      11.46 f
  div_69/u_div/u_add_PartRem_3_4/U165/Y (NOR2X8)          0.12      11.58 r
  div_69/u_div/u_add_PartRem_3_4/U206/Y (OR2X8)           0.14      11.72 r
  div_69/u_div/u_add_PartRem_3_4/U207/Y (OR2X8)           0.12      11.84 r
  div_69/u_div/u_add_PartRem_3_4/U135/Y (NAND2X6)         0.06      11.90 f
  div_69/u_div/u_add_PartRem_3_4/U132/Y (NAND2X6)         0.07      11.97 r
  div_69/u_div/u_add_PartRem_3_4/U149/Y (NAND2X6)         0.08      12.04 f
  div_69/u_div/u_add_PartRem_3_4/U4/Y (AOI21X4)           0.16      12.20 r
  div_69/u_div/u_add_PartRem_3_4/U129/Y (INVX8)           0.11      12.31 f
  div_69/u_div/u_add_PartRem_3_4/CO (ISE_DW01_add_143)
                                                          0.00      12.31 f
  U6211/Y (INVX16)                                        0.09      12.40 r
  U6162/Y (BUFX20)                                        0.12      12.52 r
  U6422/Y (AND3X4)                                        0.21      12.73 r
  U6160/Y (BUFX20)                                        0.17      12.90 r
  U6158/Y (NAND2X2)                                       0.10      13.00 f
  U6240/Y (AND2X6)                                        0.17      13.17 f
  U7410/Y (OAI211X2)                                      0.10      13.28 r
  U6605/Y (BUFX8)                                         0.17      13.45 r
  U6574/Y (INVX20)                                        0.06      13.51 f
  U6606/Y (CLKINVX20)                                     0.05      13.56 r
  div_69/u_div/u_add_PartRem_2_4/A[12] (ISE_DW01_add_268)
                                                          0.00      13.56 r
  div_69/u_div/u_add_PartRem_2_4/U160/Y (NAND2X8)         0.05      13.62 f
  div_69/u_div/u_add_PartRem_2_4/U158/Y (BUFX20)          0.13      13.75 f
  div_69/u_div/u_add_PartRem_2_4/U214/Y (OAI21X4)         0.16      13.91 r
  div_69/u_div/u_add_PartRem_2_4/U28/Y (AOI21X4)          0.10      14.01 f
  div_69/u_div/u_add_PartRem_2_4/U5/Y (OAI21X4)           0.14      14.15 r
  div_69/u_div/u_add_PartRem_2_4/U3/Y (AOI21X4)           0.10      14.25 f
  div_69/u_div/u_add_PartRem_2_4/U138/Y (INVX8)           0.11      14.35 r
  div_69/u_div/u_add_PartRem_2_4/CO (ISE_DW01_add_268)
                                                          0.00      14.35 r
  U6579/Y (INVX12)                                        0.07      14.43 f
  U7618/Y (OAI33X2)                                       0.25      14.68 r
  U6582/Y (OR2X8)                                         0.28      14.96 r
  U6241/Y (INVX16)                                        0.10      15.05 f
  U6908/Y (CLKAND2X12)                                    0.14      15.20 f
  U6560/Y (BUFX20)                                        0.12      15.32 f
  U7895/Y (OAI2BB2X4)                                     0.20      15.52 f
  U6691/Y (OR3X6)                                         0.24      15.76 f
  U6692/Y (OR2X8)                                         0.22      15.99 f
  div_69/u_div/u_add_PartRem_1_1/A[5] (ISE_DW01_add_128)
                                                          0.00      15.99 f
  div_69/u_div/u_add_PartRem_1_1/U172/Y (NOR2X6)          0.18      16.16 r
  div_69/u_div/u_add_PartRem_1_1/U151/Y (NOR2X6)          0.11      16.28 f
  div_69/u_div/u_add_PartRem_1_1/U148/Y (NAND2X8)         0.07      16.35 r
  div_69/u_div/u_add_PartRem_1_1/U150/Y (AND2X8)          0.12      16.48 r
  div_69/u_div/u_add_PartRem_1_1/U152/Y (OR2X8)           0.11      16.59 r
  div_69/u_div/u_add_PartRem_1_1/U186/Y (NAND2X6)         0.06      16.65 f
  div_69/u_div/u_add_PartRem_1_1/U239/Y (OAI2BB1X4)       0.17      16.82 f
  div_69/u_div/u_add_PartRem_1_1/CO (ISE_DW01_add_128)
                                                          0.00      16.82 f
  U7616/Y (OAI33X2)                                       0.29      17.10 r
  U6145/Y (OR2X8)                                         0.23      17.33 r
  U7006/Y (INVX20)                                        0.10      17.43 f
  U7507/Y (NAND2X6)                                       0.11      17.54 r
  U6458/Y (INVX20)                                        0.11      17.64 f
  U7984/Y (AO22X4)                                        0.32      17.97 f
  U6087/Y (NOR4X8)                                        0.15      18.12 r
  U7413/Y (INVX8)                                         0.14      18.26 f
  div_69/u_div/u_add_PartRem_0_2/A[3] (ISE_DW01_add_251)
                                                          0.00      18.26 f
  div_69/u_div/u_add_PartRem_0_2/U163/Y (NOR2X2)          0.15      18.41 r
  div_69/u_div/u_add_PartRem_0_2/U145/Y (OAI21X2)         0.14      18.55 f
  div_69/u_div/u_add_PartRem_0_2/U182/Y (AOI21X4)         0.15      18.70 r
  div_69/u_div/u_add_PartRem_0_2/U159/Y (OAI21X4)         0.09      18.79 f
  div_69/u_div/u_add_PartRem_0_2/U183/Y (OAI2BB1X4)       0.24      19.03 f
  div_69/u_div/u_add_PartRem_0_2/CO (ISE_DW01_add_251)
                                                          0.00      19.03 f
  U7611/Y (MXI2X4)                                        0.19      19.23 r
  U6488/Y (INVX12)                                        0.11      19.33 f
  U7945/Y (AOI21X4)                                       0.16      19.49 r
  U7509/Y (BUFX20)                                        0.24      19.73 r
  U7664/Y (BUFX20)                                        0.15      19.88 r
  U7341/Y (CLKMX2X4)                                      0.16      20.04 r
  U6873/Y (OAI221X1)                                      0.16      20.20 f
  sortArr_G_reg[3][1]/D (DFFSX1)                          0.00      20.20 f
  data arrival time                                                 20.20

  clock clk (rise edge)                                  20.00      20.00
  clock network delay (ideal)                             0.50      20.50
  clock uncertainty                                      -0.10      20.40
  sortArr_G_reg[3][1]/CK (DFFSX1)                         0.00      20.40 r
  library setup time                                     -0.20      20.20
  data required time                                                20.20
  --------------------------------------------------------------------------
  data required time                                                20.20
  data arrival time                                                -20.20
  --------------------------------------------------------------------------
  slack (MET)                                                        0.00


1
