 
****************************************
Report : area
Design : LBP
Version: O-2018.06
Date   : Sun Feb 19 23:00:31 2023
****************************************

Library(s) Used:

    slow (File: /usr/cad/CBDK/CBDK_IC_Contest_v2.1/SynopsysDC/db/slow.db)

Number of ports:                           50
Number of nets:                           395
Number of cells:                          331
Number of combinational cells:            272
Number of sequential cells:                59
Number of macros/black boxes:               0
Number of buf/inv:                         67
Number of references:                      60

Combinational area:               2603.811611
Buf/Inv area:                      692.539205
Noncombinational area:            1716.071373
Macro/Black Box area:                0.000000
Net Interconnect area:           41953.541992

Total cell area:                  4319.882984
Total area:                      46273.424977
1
