 
****************************************
Report : timing
        -path full
        -delay max
        -max_paths 1
Design : LBP
Version: O-2018.06
Date   : Sun Feb 19 23:00:31 2023
****************************************

Operating Conditions: slow   Library: slow
Wire Load Model Mode: top

  Startpoint: gray_data[1]
              (input port clocked by clk)
  Endpoint: lbp_data_reg[2]
            (rising edge-triggered flip-flop clocked by clk)
  Path Group: clk
  Path Type: max

  Des/Clust/Port     Wire Load Model       Library
  ------------------------------------------------
  LBP                tsmc13_wl10           slow

  Point                                    Incr       Path
  -----------------------------------------------------------
  clock clk (rise edge)                    0.00       0.00
  clock network delay (ideal)              0.50       0.50
  input external delay                     5.00       5.50 r
  gray_data[1] (in)                        0.04       5.54 r
  U173/Y (OAI2BB1X1)                       0.23       5.76 r
  U183/Y (OAI22X1)                         0.25       6.01 f
  U266/Y (OAI22XL)                         0.45       6.47 r
  U170/Y (OAI22X1)                         0.38       6.85 f
  U314/Y (AOI222XL)                        0.68       7.53 r
  U169/Y (AO21X1)                          0.27       7.80 r
  U168/Y (NAND2X1)                         0.16       7.96 f
  U172/CO (ACHCINX2)                       0.23       8.19 r
  U315/Y (OAI2BB1X1)                       0.27       8.46 r
  U316/Y (OAI211X4)                        0.34       8.81 f
  U174/Y (NAND2X1)                         0.36       9.17 r
  U155/Y (INVX1)                           0.45       9.62 f
  U324/Y (AO22X1)                          0.47      10.09 f
  lbp_data_reg[2]/D (DFFRX1)               0.00      10.09 f
  data arrival time                                  10.09

  clock clk (rise edge)                   10.00      10.00
  clock network delay (ideal)              0.50      10.50
  clock uncertainty                       -0.10      10.40
  lbp_data_reg[2]/CK (DFFRX1)              0.00      10.40 r
  library setup time                      -0.23      10.17
  data required time                                 10.17
  -----------------------------------------------------------
  data required time                                 10.17
  data arrival time                                 -10.09
  -----------------------------------------------------------
  slack (MET)                                         0.08


1
