 
****************************************
Report : area
Design : CONV
Version: S-2021.06-SP2
Date   : Wed Feb 15 18:58:30 2023
****************************************

Library(s) Used:

    slow (File: /usr/cad/CBDK/CBDK_IC_Contest_v2.1/SynopsysDC/db/slow.db)

Number of ports:                          105
Number of nets:                          2503
Number of cells:                         2230
Number of combinational cells:           2153
Number of sequential cells:                76
Number of macros/black boxes:               0
Number of buf/inv:                        386
Number of references:                     133

Combinational area:              34268.808559
Buf/Inv area:                     2656.431017
Noncombinational area:            2620.785553
Macro/Black Box area:                0.000000
Net Interconnect area:          253494.597260

Total cell area:                 36889.594112
Total area:                     290384.191371
1
