 
****************************************
Report : area
Design : LCD_CTRL
Version: O-2018.06
Date   : Mon Feb 20 10:04:57 2023
****************************************

Library(s) Used:

    slow (File: /usr/cad/CBDK/CBDK_IC_Contest_v2.1/SynopsysDC/db/slow.db)

Number of ports:                          135
Number of nets:                          6478
Number of cells:                         5827
Number of combinational cells:           5277
Number of sequential cells:               547
Number of macros/black boxes:               0
Number of buf/inv:                        940
Number of references:                     147

Combinational area:              58952.399054
Buf/Inv area:                     7125.685159
Noncombinational area:           17488.311630
Macro/Black Box area:                0.000000
Net Interconnect area:          993631.633270

Total cell area:                 76440.710684
Total area:                    1070072.343955
1
