 
****************************************
Report : area
Design : huffman
Version: P-2019.03-SP1-1
Date   : Mon Mar 25 16:23:45 2024
****************************************

Library(s) Used:

    slow (File: /usr/cad/CBDK/CBDK_IC_Contest_v2.5/SynopsysDC/db/slow.db)

Number of ports:                         1777
Number of nets:                          5782
Number of cells:                         3805
Number of combinational cells:           3423
Number of sequential cells:               298
Number of macros/black boxes:               0
Number of buf/inv:                        587
Number of references:                     172

Combinational area:              38006.483408
Buf/Inv area:                     3644.317787
Noncombinational area:           10391.482613
Macro/Black Box area:                0.000000
Net Interconnect area:          511982.563385

Total cell area:                 48397.966021
Total area:                     560380.529406
1
